2025-11-12 23:45:42,162 - INFO - Fetching: https://data.bayanat.ae
2025-11-12 23:46:00,020 - INFO - Fetching: https://opendata.fcsc.gov.ae
2025-11-12 23:46:02,504 - INFO - Fetching: https://datos.ambiente.gob.ar
2025-11-12 23:46:06,917 - INFO - Fetching: https://datos.cultura.gob.ar
2025-11-12 23:46:09,355 - INFO - Fetching: https://datosestadistica.cba.gov.ar
2025-11-12 23:46:41,827 - INFO - Fetching: https://datos.magyp.gob.ar
2025-11-12 23:46:59,610 - INFO - Fetching: https://datos.minem.gob.ar
2025-11-12 23:47:05,419 - INFO - Fetching: https://datos.mininterior.gob.ar
2025-11-12 23:47:08,681 - INFO - Fetching: https://www.datos.misiones.gob.ar
2025-11-12 23:47:14,109 - INFO - Fetching: https://datos.yvera.gob.ar
2025-11-12 23:47:17,601 - INFO - Fetching: https://data.gv.at
2025-11-12 23:47:21,435 - INFO - Fetching: https://data.ccca.ac.at
2025-11-12 23:47:24,433 - INFO - Fetching: https://data.brisbane.qld.gov.au
2025-11-12 23:47:28,014 - INFO - Fetching: https://data.datahub.freightaustralia.gov.au
2025-11-12 23:47:30,381 - INFO - Fetching: https://data.maintenance.org.au
2025-11-12 23:47:32,846 - INFO - Fetching: https://data.nsw.gov.au
2025-11-12 23:47:35,980 - INFO - Fetching: https://data.qld.gov.au
2025-11-12 23:47:38,716 - INFO - Fetching: https://data.sa.gov.au
2025-11-12 23:47:41,558 - INFO - Fetching: https://data.vic.gov.au
2025-11-12 23:47:46,002 - INFO - Fetching: https://www.data.brisbane.qld.gov.au
2025-11-12 23:47:49,362 - INFO - Fetching: https://opendataprijedor.ba
2025-11-12 23:47:52,855 - INFO - Fetching: https://dataplatformfiets.be
2025-11-12 23:48:10,350 - INFO - Fetching: https://opendatastore.brussels
2025-11-12 23:48:14,638 - INFO - Fetching: https://crec.bj
2025-11-12 23:48:18,738 - INFO - Fetching: https://datosabiertos.lapaz.bo
2025-11-12 23:48:22,302 - INFO - Fetching: https://datos.gob.bo
2025-11-12 23:48:25,408 - INFO - Fetching: https://basedosdados.org
2025-11-12 23:48:27,911 - INFO - Fetching: http://catalogo.governoaberto.sp.gov.br
2025-11-12 23:48:45,199 - INFO - Fetching: https://dadosabertos.ibama.gov.br
2025-11-12 23:48:48,466 - INFO - Fetching: https://dadosabertos.prefeitura.poa.br
2025-11-12 23:48:52,105 - INFO - Fetching: https://dadosabertos.senado.gov.br
2025-11-12 23:48:58,873 - INFO - Fetching: https://dadosabertos.unilab.edu.br
2025-11-12 23:49:17,614 - INFO - Fetching: https://dados.ana.gov.br
2025-11-12 23:49:35,430 - INFO - Fetching: https://dados.contraosagrotoxicos.org
2025-11-12 23:49:38,327 - INFO - Fetching: https://dados.cultura.gov.br
2025-11-12 23:49:47,466 - INFO - Fetching: https://dados.fortaleza.ce.gov.br
2025-11-12 23:49:51,319 - INFO - Fetching: https://dados.ifms.edu.br
2025-11-12 23:49:54,051 - INFO - Fetching: https://dados.ifmt.edu.br
2025-11-12 23:50:11,539 - INFO - Fetching: https://dados.ifro.edu.br
2025-11-12 23:50:16,263 - INFO - Fetching: https://dados.ifsertao-pe.edu.br
2025-11-12 23:50:24,766 - INFO - Fetching: https://dadosjuventude.ibict.br
2025-11-12 23:50:37,379 - INFO - Fetching: https://dados.mda.gov.br
2025-11-12 23:50:41,424 - INFO - Fetching: https://dados.natal.br
2025-11-12 23:50:59,632 - INFO - Fetching: https://dados.pbh.gov.br
2025-11-12 23:51:02,634 - INFO - Fetching: https://dados.prefeitura.sp.gov.br
2025-11-12 23:51:07,186 - INFO - Fetching: https://dados.recife.pe.gov.br
2025-11-12 23:51:10,628 - INFO - Fetching: https://dados.tce.rs.gov.br
2025-11-13 00:07:54,504 - INFO - Fetching: https://dados.ufop.br
2025-11-13 00:08:04,864 - INFO - Fetching: https://dados.ufpel.edu.br
2025-11-13 00:08:09,264 - INFO - Fetching: https://dados.ufpr.br
2025-11-13 00:08:20,531 - INFO - Progress saved: 50/298 rows processed
2025-11-13 00:08:22,533 - INFO - Fetching: https://dados.ufrr.br
2025-11-13 00:08:30,517 - INFO - Fetching: https://dados.ufsm.br
2025-11-13 00:08:48,556 - INFO - Fetching: https://web.transparencia.pe.gov.br
2025-11-13 00:09:06,534 - INFO - Fetching: https://www.dados.univasf.edu.br
2025-11-13 00:09:10,679 - INFO - Fetching: https://www.tesourotransparente.gov.br
2025-11-13 00:09:13,889 - INFO - Fetching: https://www.transparencia.mg.gov.br
2025-11-13 00:09:17,138 - INFO - Fetching: https://canwin-datahub.ad.umanitoba.ca/data
2025-11-13 00:09:20,658 - INFO - Fetching: https://data.ontario.ca
2025-11-13 00:09:23,128 - INFO - Fetching: https://data.open.guelph.ca
2025-11-13 00:09:25,388 - INFO - Fetching: https://data.surrey.ca
2025-11-13 00:09:27,980 - INFO - Fetching: https://data.trca.ca
2025-11-13 00:09:30,581 - INFO - Fetching: https://open.canada.ca
2025-11-13 00:09:33,017 - INFO - Fetching: http://opencaribbean.org
2025-11-13 00:09:35,200 - INFO - Fetching: https://datosretc.mma.gob.cl
2025-11-13 00:09:38,732 - INFO - Fetching: https://datosabiertos.bogota.gov.co
2025-11-13 00:09:42,915 - INFO - Fetching: https://datos.cali.gov.co
2025-11-13 00:09:46,950 - INFO - Fetching: http://data.mmr.cz
2025-11-13 00:09:49,977 - INFO - Fetching: https://opendata.mzcr.cz
2025-11-13 00:09:54,349 - INFO - Fetching: https://opendata.mzp.cz
2025-11-13 00:09:57,698 - INFO - Fetching: https://ckan.geonet-mrn.de
2025-11-13 00:10:02,046 - INFO - Fetching: https://data.deutschebahn.com
2025-11-13 00:10:04,916 - INFO - Fetching: https://datenregister.berlin.de
2025-11-13 00:10:07,749 - INFO - Fetching: https://daten.rlp.de
2025-11-13 00:10:11,568 - INFO - Fetching: https://govdata.de
2025-11-13 00:10:15,516 - INFO - Fetching: https://offenedaten.frankfurt.de
2025-11-13 00:10:18,277 - INFO - Fetching: https://www.opendata-hro.de
2025-11-13 00:10:21,089 - INFO - Fetching: https://data.kk.dk
2025-11-13 00:10:23,786 - INFO - Fetching: https://dataportal.geofyn.dk
2025-11-13 00:10:26,805 - INFO - Fetching: https://datasets.catalogue.data.gov.dk
2025-11-13 00:10:29,683 - INFO - Fetching: https://datos.gob.do
2025-11-13 00:10:32,239 - INFO - Fetching: https://catalogo.datosabiertos.gob.ec
2025-11-13 00:10:35,129 - INFO - Fetching: https://datosabiertos.gob.ec
2025-11-13 00:10:37,894 - INFO - Fetching: http://op.espoch.edu.ec
2025-11-13 00:10:55,226 - INFO - Fetching: https://sil.eloro.gob.ec
2025-11-13 00:10:58,735 - INFO - Fetching: http://sil.loja.gob.ec
2025-11-13 00:11:02,091 - INFO - Fetching: http://datosabiertos.fuengirola.es
2025-11-13 00:11:19,416 - INFO - Fetching: http://datosabiertos.laspalmasgc.es
2025-11-13 00:11:22,127 - INFO - Fetching: http://datosabiertos.navarra.es
2025-11-13 00:11:39,407 - INFO - Fetching: https://datosabiertos.rivasciudad.es
2025-11-13 00:11:42,544 - INFO - Fetching: http://datosabiertos.sevilla.org
2025-11-13 00:11:44,625 - INFO - Fetching: https://datos.aytolalaguna.es
2025-11-13 00:11:51,252 - INFO - Fetching: http://datos.canarias.es
2025-11-13 00:11:55,411 - INFO - Fetching: https://datos.icane.es
2025-11-13 00:11:58,581 - INFO - Fetching: https://datos.santander.es
2025-11-13 00:12:01,620 - INFO - Fetching: https://opendata-ajuntament.barcelona.cat
2025-11-13 00:12:05,062 - INFO - Fetching: https://opendata.alcoi.org
2025-11-13 00:12:08,251 - INFO - Fetching: http://opendata.ayto-caceres.es
2025-11-13 00:12:10,871 - INFO - Fetching: https://www.juntadeandalucia.es/datosabiertos/portal
2025-11-13 00:12:14,064 - INFO - Fetching: https://catalogue.nextgeoss.eu
2025-11-13 00:12:18,033 - INFO - Fetching: https://ckan.pearlpv-cost.eu
2025-11-13 00:12:19,739 - INFO - Progress saved: 100/298 rows processed
2025-11-13 00:12:21,741 - INFO - Fetching: https://data.edincubator.eu
2025-11-13 00:12:24,902 - INFO - Fetching: https://data.anaee.eu
2025-11-13 00:12:30,270 - INFO - Fetching: https://avoindata.fi
2025-11-13 00:12:34,692 - INFO - Fetching: https://data.fingrid.fi
2025-11-13 00:12:37,471 - INFO - Fetching: https://data.tampere.fi
2025-11-13 00:12:42,343 - INFO - Fetching: https://hri.fi
2025-11-13 00:12:47,573 - INFO - Fetching: https://data.agglo-royan.fr
2025-11-13 00:12:50,521 - INFO - Fetching: https://data.agriculturelittorale.fr
2025-11-13 00:12:53,370 - INFO - Fetching: https://nosdonnees.fr
2025-11-13 00:12:56,511 - INFO - Fetching: https://opendata.abbeville.fr
2025-11-13 00:13:02,793 - INFO - Fetching: https://opendata.adico.fr
2025-11-13 00:13:05,323 - INFO - Fetching: https://opendata.hautsdefrance.fr
2025-11-13 00:13:08,281 - INFO - Fetching: https://opendata.ozwillo.com
2025-11-13 00:13:10,441 - INFO - Fetching: https://trouver.datasud.fr
2025-11-13 00:13:12,585 - INFO - Fetching: https://www.geo2france.fr
2025-11-13 00:13:16,818 - INFO - Fetching: https://www.pigma.org
2025-11-13 00:13:21,093 - INFO - Fetching: https://ckan.cabi.org
2025-11-13 00:13:23,655 - INFO - Fetching: https://ckan.publishing.service.gov.uk
2025-11-13 00:13:26,347 - INFO - Fetching: https://data.gov.uk
2025-11-13 00:13:29,595 - INFO - Fetching: http://dartportal.leeds.ac.uk
2025-11-13 00:13:31,739 - INFO - Fetching: https://data.barrowbc.gov.uk
2025-11-13 00:13:49,024 - INFO - Fetching: https://www.cityobservatory.birmingham.gov.uk
2025-11-13 00:13:52,155 - INFO - Fetching: https://data.bris.ac.uk/data/
2025-11-13 00:13:54,923 - INFO - Fetching: https://data.england.nhs.uk
2025-11-13 00:13:57,442 - INFO - Fetching: https://data.glasgow.gov.uk
2025-11-13 00:13:59,955 - INFO - Fetching: https://data.london.gov.uk
2025-11-13 00:14:02,539 - INFO - Fetching: https://dataworks.calderdale.gov.uk
2025-11-13 00:14:05,097 - INFO - Fetching: https://leedsdatamill.org
2025-11-13 00:14:07,695 - INFO - Fetching: https://publications.aberdeenshire.gov.uk
2025-11-13 00:14:10,437 - INFO - Fetching: http://116.203.208.239
2025-11-13 00:14:15,156 - INFO - Fetching: https://www.opendatani.gov.uk
2025-11-13 00:14:18,959 - INFO - Fetching: https://data.aberdeencity.gov.uk
2025-11-13 00:14:21,476 - INFO - Fetching: https://data.pkc.gov.uk
2025-11-13 00:14:24,061 - INFO - Fetching: https://find.researchdata.scot
2025-11-13 00:14:27,280 - INFO - Fetching: https://opendata.angus.gov.uk
2025-11-13 00:14:30,075 - INFO - Fetching: https://dataportal.gov.tc
2025-11-13 00:14:32,529 - INFO - Fetching: https://opendata.datahub.io
2025-11-13 00:14:34,794 - INFO - Fetching: https://geodata.gov.gr
2025-11-13 00:14:41,386 - INFO - Fetching: http://www.opendatacorfu.gr
2025-11-13 00:14:43,659 - INFO - Fetching: https://repository.data.gov.gr
2025-11-13 00:14:47,184 - INFO - Fetching: https://datosabiertos.mineduc.gob.gt
2025-11-13 00:15:04,432 - INFO - Fetching: https://datos.minfin.gob.gt
2025-11-13 00:15:06,928 - INFO - Fetching: https://data.gov.hk
2025-11-13 00:15:12,813 - INFO - Fetching: https://data.gov.hr
2025-11-13 00:15:15,612 - INFO - Fetching: https://ckan.jombangkab.go.id
2025-11-13 00:15:18,226 - INFO - Fetching: https://data.balikpapan.go.id
2025-11-13 00:15:22,026 - INFO - Fetching: https://data.cilacapkab.go.id
2025-11-13 00:15:24,673 - INFO - Fetching: https://data.halmaherautarakab.go.id
2025-11-13 00:15:29,346 - INFO - Fetching: https://data.mempawahkab.go.id
2025-11-13 00:15:31,844 - INFO - Fetching: https://data.pemalangkab.go.id
2025-11-13 00:15:32,447 - INFO - Progress saved: 150/298 rows processed
2025-11-13 00:15:34,449 - INFO - Fetching: https://data.pontianakkota.go.id
2025-11-13 00:15:42,658 - INFO - Fetching: https://data.wonogirikab.go.id
2025-11-13 00:15:45,253 - INFO - Fetching: https://katalog.data.go.id
2025-11-13 00:15:47,577 - INFO - Fetching: http://opendata.semarangkota.go.id
2025-11-13 00:16:06,629 - INFO - Fetching: https://data.ehealthireland.ie
2025-11-13 00:16:09,273 - INFO - Fetching: https://datacity.jerusalem.muni.il
2025-11-13 00:16:12,656 - INFO - Fetching: https://data.gov.il
2025-11-13 00:16:15,272 - INFO - Fetching: https://opendata.br7.org.il
2025-11-13 00:16:33,348 - INFO - Fetching: https://datasets.fieldsofview.in
2025-11-13 00:16:51,121 - INFO - Fetching: https://iranopendata.org
2025-11-13 00:16:53,351 - INFO - Fetching: https://opingogn.is
2025-11-13 00:16:57,880 - INFO - Fetching: http://daten.buergernetz.bz.it
2025-11-13 00:17:00,989 - INFO - Fetching: https://dati.anticorruzione.it
2025-11-13 00:17:03,474 - INFO - Fetching: https://dati.comune.matera.it
2025-11-13 00:17:06,742 - INFO - Fetching: https://dati.comune.milano.it
2025-11-13 00:17:11,275 - INFO - Fetching: https://dati.gov.it
2025-11-13 00:17:15,414 - INFO - Fetching: https://dati.lazio.it
2025-11-13 00:17:23,505 - INFO - Fetching: https://dati.mit.gov.it
2025-11-13 00:17:26,852 - INFO - Fetching: http://dati.provincia.pistoia.it
2025-11-13 00:17:32,916 - INFO - Fetching: https://dati.puglia.it
2025-11-13 00:17:38,036 - INFO - Fetching: https://dati.regione.sicilia.it
2025-11-13 00:17:55,471 - INFO - Fetching: https://dati.trentino.it
2025-11-13 00:18:00,493 - INFO - Fetching: https://dati.unionevallesavio.it
2025-11-13 00:18:03,479 - INFO - Fetching: https://indicepa.gov.it/ipa-dati
2025-11-13 00:18:06,965 - INFO - Fetching: https://opendata.comune.bari.it
2025-11-13 00:18:24,343 - INFO - Fetching: https://opendata.comune.fano.pu.it
2025-11-13 00:18:28,308 - INFO - Fetching: https://opendata.comune.parma.it
2025-11-13 00:18:31,789 - INFO - Fetching: https://opendata.euroinfosicilia.it
2025-11-13 00:18:34,668 - INFO - Fetching: http://opendata.regione.sardegna.it
2025-11-13 00:18:38,156 - INFO - Fetching: https://rciims.mona.uwi.edu
2025-11-13 00:18:40,745 - INFO - Fetching: https://madih.hu.edu.jo
2025-11-13 00:18:58,663 - INFO - Fetching: https://ckan.pref.shizuoka.jp
2025-11-13 00:19:00,883 - INFO - Fetching: https://data.city.mihara.hiroshima.jp
2025-11-13 00:19:04,348 - INFO - Fetching: https://data.city.osaka.lg.jp
2025-11-13 00:19:21,766 - INFO - Fetching: https://data.city.tendo.yamagata.jp
2025-11-13 00:19:24,740 - INFO - Fetching: https://data.city.utsunomiya.tochigi.jp
2025-11-13 00:19:27,316 - INFO - Fetching: https://data.e-gov.go.jp
2025-11-13 00:19:30,161 - INFO - Fetching: https://data.env.go.jp
2025-11-13 00:19:32,755 - INFO - Fetching: https://portal.data.metro.tokyo.lg.jp
2025-11-13 00:19:36,413 - INFO - Fetching: https://opendata.lisra.jp
2025-11-13 00:19:54,001 - INFO - Fetching: https://opendata.pref.akita.lg.jp
2025-11-13 00:19:59,158 - INFO - Fetching: https://www1.city.tamba.lg.jp
2025-11-13 00:20:17,540 - INFO - Fetching: http://kilimodata.developlocal.org
2025-11-13 00:20:20,697 - INFO - Fetching: http://data.nsdi.go.kr
2025-11-13 00:20:22,965 - INFO - Fetching: https://dataurbe.appcivico.com
2025-11-13 00:20:25,950 - INFO - Fetching: https://data.health.gov.lk
2025-11-13 00:20:33,209 - INFO - Fetching: https://data.gov.lt
2025-11-13 00:20:36,725 - INFO - Fetching: https://opendata.vilnius.lt
2025-11-13 00:20:39,206 - INFO - Fetching: https://rinkiniai.lietuvosfinansai.lt
2025-11-13 00:20:42,688 - INFO - Fetching: https://www.data.gov.ma
2025-11-13 00:20:45,154 - INFO - Progress saved: 200/298 rows processed
2025-11-13 00:20:47,155 - INFO - Fetching: https://data.gov.md
2025-11-13 00:20:50,429 - INFO - Fetching: https://data.gov.mk
2025-11-13 00:21:08,173 - INFO - Fetching: https://edu.mrpam.gov.mn
2025-11-13 00:21:11,474 - INFO - Fetching: https://opendata.gov.mn
2025-11-13 00:21:15,268 - INFO - Fetching: https://portal.igg.ac.mn
2025-11-13 00:21:25,858 - INFO - Fetching: https://data.gov.my
2025-11-13 00:21:29,067 - INFO - Fetching: https://data.sarawak.gov.my
2025-11-13 00:21:33,976 - INFO - Fetching: https://data.overheid.nl
2025-11-13 00:21:37,353 - INFO - Fetching: https://opendata.picturae.com
2025-11-13 00:21:39,518 - INFO - Fetching: https://opendata.vlaanderen.be
2025-11-13 00:21:43,752 - INFO - Fetching: https://rotterdamopendata.nl
2025-11-13 00:21:46,395 - INFO - Fetching: https://epos-msl.uu.nl
2025-11-13 00:21:50,071 - INFO - Fetching: https://data.coat.no
2025-11-13 00:21:53,154 - INFO - Fetching: https://geodata.nzpam.govt.nz
2025-11-13 00:21:59,583 - INFO - Fetching: https://pacificdata.org
2025-11-13 00:22:03,154 - INFO - Fetching: https://datosabiertos.mef.gob.pe
2025-11-13 00:22:07,213 - INFO - Fetching: https://opendata.kp.gov.pk
2025-11-13 00:22:11,061 - INFO - Fetching: http://catalogue.simocean.pt
2025-11-13 00:22:13,411 - INFO - Fetching: https://dadosabertos.cascais.pt
2025-11-13 00:22:16,592 - INFO - Fetching: https://dadosdesertificacao.pt
2025-11-13 00:22:19,431 - INFO - Fetching: https://opendata.azores.gov.pt
2025-11-13 00:22:21,901 - INFO - Fetching: https://rdm.inesctec.pt
2025-11-13 00:22:25,157 - INFO - Fetching: http://ruraldados.pt
2025-11-13 00:22:29,279 - INFO - Fetching: http://128.199.41.97:5000
2025-11-13 00:22:31,721 - INFO - Fetching: https://data.gov.ro
2025-11-13 00:22:36,105 - INFO - Fetching: https://data.openpolice.ru
2025-11-13 00:22:38,329 - INFO - Fetching: https://data.sgm.ru
2025-11-13 00:22:43,324 - INFO - Fetching: http://opendata.city.tambov.gov.ru/
2025-11-13 00:23:00,895 - INFO - Fetching: https://od.data.gov.sa
2025-11-13 00:23:06,214 - INFO - Fetching: https://data.gov.sg
2025-11-13 00:23:08,428 - INFO - Fetching: https://data.gov.sk
2025-11-13 00:23:11,753 - INFO - Fetching: https://catalog.dasta.or.th
2025-11-13 00:23:24,702 - INFO - Fetching: https://catalog.dmh.go.th
2025-11-13 00:23:30,789 - INFO - Fetching: https://catalog.dnp.go.th
2025-11-13 00:23:48,621 - INFO - Fetching: https://catalog.fpo.go.th
2025-11-13 00:23:53,986 - INFO - Fetching: https://catalog.ocsc.go.th
2025-11-13 00:23:56,863 - INFO - Fetching: https://ckan.pdmo.go.th
2025-11-13 00:24:15,082 - INFO - Fetching: https://data.forest.go.th
2025-11-13 00:24:17,780 - INFO - Fetching: https://dataportal.cps.chula.ac.th
2025-11-13 00:24:22,384 - INFO - Fetching: http://dataportal.drr.go.th
2025-11-13 00:24:40,542 - INFO - Fetching: https://gdcatalog.energy.go.th
2025-11-13 00:24:58,207 - INFO - Fetching: https://lddcatalog.ldd.go.th
2025-11-13 00:25:04,474 - INFO - Fetching: https://nabc-catalog.oae.go.th
2025-11-13 00:25:08,542 - INFO - Fetching: http://opendata.alro.go.th
2025-11-13 00:25:29,164 - INFO - Fetching: https://opendata.dmcr.go.th
2025-11-13 00:25:36,497 - INFO - Fetching: https://opendata.dsd.go.th
2025-11-13 00:25:40,695 - INFO - Fetching: https://opendata.onde.go.th
2025-11-13 00:26:01,808 - INFO - Fetching: https://opendata.onwr.go.th
2025-11-13 00:26:20,007 - INFO - Fetching: https://ckan.ino.nectec.or.th
2025-11-13 00:26:24,416 - INFO - Fetching: https://agridata.tn
2025-11-13 00:26:29,463 - INFO - Progress saved: 250/298 rows processed
2025-11-13 00:26:31,466 - INFO - Fetching: https://catalog.industrie.gov.tn
2025-11-13 00:26:36,944 - INFO - Fetching: https://data.transport.tn
2025-11-13 00:26:42,140 - INFO - Fetching: https://openbaladiati.tn
2025-11-13 00:26:44,278 - INFO - Fetching: https://www.openculture.gov.tn
2025-11-13 00:26:49,718 - INFO - Fetching: https://bmckan.cpami.gov.tw
2025-11-13 00:26:52,478 - INFO - Fetching: https://data.cdc.gov.tw
2025-11-13 00:26:57,112 - INFO - Fetching: https://data.odw.tw
2025-11-13 00:27:02,315 - INFO - Fetching: https://opendata.e-land.gov.tw
2025-11-13 00:27:20,421 - INFO - Fetching: http://taijiang.tw
2025-11-13 00:27:22,673 - INFO - Fetching: https://data-gov-ua.org
2025-11-13 00:27:24,754 - INFO - Fetching: https://data.imr.gov.ua
2025-11-13 00:27:27,470 - INFO - Fetching: https://data.mariupolrada.gov.ua
2025-11-13 00:27:29,614 - INFO - Fetching: https://opendata.city-adm.lviv.ua
2025-11-13 00:27:32,317 - INFO - Fetching: https://opendata.slavrada.gov.ua
2025-11-13 00:27:49,880 - INFO - Fetching: http://catalog.data.ug
2025-11-13 00:27:52,269 - INFO - Fetching: https://data.doi.gov
2025-11-13 00:27:54,572 - INFO - Fetching: https://data.noaa.gov
2025-11-13 00:27:57,589 - INFO - Fetching: https://opendata.eol.org
2025-11-13 00:28:00,214 - INFO - Fetching: https://data.diversitydatakids.org
2025-11-13 00:28:02,583 - INFO - Fetching: https://www.civicdata.io
2025-11-13 00:28:05,222 - INFO - Fetching: http://cybercommons-data.hpc.okstate.edu
2025-11-13 00:28:07,371 - INFO - Fetching: https://arcticatlas.geobotany.org/catalog
2025-11-13 00:28:10,546 - INFO - Fetching: https://data.disl.edu
2025-11-13 00:28:14,983 - INFO - Fetching: https://data.sanjoseca.gov/home
2025-11-13 00:28:17,307 - INFO - Fetching: https://data.smgov.net
2025-11-13 00:28:19,463 - INFO - Fetching: https://data.hawaii.gov
2025-11-13 00:28:22,358 - INFO - Fetching: https://data.illinois.gov
2025-11-13 00:28:25,357 - INFO - Fetching: https://opendata.worcesterma.gov
2025-11-13 00:28:27,739 - INFO - Fetching: https://gisdata.mn.gov
2025-11-13 00:28:30,144 - INFO - Fetching: https://data.missouriepscor.org
2025-11-13 00:28:32,228 - INFO - Fetching: https://bernco.civicdashboards.com
2025-11-13 00:28:34,319 - INFO - Fetching: https://indicadores.pr
2025-11-13 00:28:37,524 - INFO - Fetching: https://data.treasury.ri.gov
2025-11-13 00:28:40,162 - INFO - Fetching: https://data.tn.gov
2025-11-13 00:28:43,762 - INFO - Fetching: https://data.haugiang.gov.vn
2025-11-13 00:28:46,627 - INFO - Fetching: https://data.longan.gov.vn
2025-11-13 00:29:04,465 - INFO - Fetching: https://data.ninhbinh.gov.vn
2025-11-13 00:29:11,915 - INFO - Fetching: http://data.vodic.vn
2025-11-13 00:29:15,561 - INFO - Fetching: https://open.data.gov.vn
2025-11-13 00:29:19,367 - INFO - Fetching: https://opendata.monre.gov.vn
2025-11-13 00:29:23,304 - INFO - Fetching: https://opendata.ptit.edu.vn
2025-11-13 00:29:27,190 - INFO - Fetching: https://opendata.vinhlong.gov.vn
2025-11-13 00:29:45,297 - INFO - Fetching: https://data.apps.fao.org
2025-11-13 00:29:47,968 - INFO - Fetching: https://data.iita.org
2025-11-13 00:29:51,514 - INFO - Fetching: https://data.ocean.gov.za
2025-11-13 00:29:54,185 - INFO - Fetching: https://data.openup.org.za
2025-11-13 00:29:57,143 - INFO - Fetching: https://data.vulekamali.gov.za
2025-11-13 00:29:59,904 - INFO - Fetching: https://ocims.csir.co.za
